<?xml version="1.0" encoding="UTF-8"?>
<!-- Generated by org.testng.reporters.JUnitReportReporter -->
<testsuite skipped="0" hostname="DESKTOP-S9CODJT" name="TestThree" tests="1" failures="0" timestamp="2020-07-14T12:28:55 CEST" time="23.460" errors="0">
  <testcase name="thirdTest" time="23.460" classname="TestThree"/>
</testsuite> <!-- TestThree -->
