<?xml version="1.0" encoding="UTF-8"?>
<!-- Generated by org.testng.reporters.JUnitReportReporter -->
<testsuite skipped="0" hostname="DESKTOP-S9CODJT" name="TestFour" tests="1" failures="0" timestamp="2020-07-14T12:28:55 CEST" time="18.471" errors="0">
  <testcase name="fourthTest" time="18.471" classname="TestFour"/>
</testsuite> <!-- TestFour -->
